#
# There is insufficient memory for the Java Runtime Environment to continue.
# Native memory allocation (mmap) failed to map 117440512 bytes for G1 virtual space
# Possible reasons:
#   The system is out of physical RAM or swap space
#   The process is running with CompressedOops enabled, and the Java Heap may be blocking the growth of the native heap
# Possible solutions:
#   Reduce memory load on the system
#   Increase physical memory or swap space
#   Check if swap backing store is full
#   Decrease Java heap size (-Xmx/-Xms)
#   Decrease number of Java threads
#   Decrease Java thread stack sizes (-Xss)
#   Set larger code cache with -XX:ReservedCodeCacheSize=
#   JVM is running with Unscaled Compressed Oops mode in which the Java heap is
#     placed in the first 4GB address space. The Java Heap base address is the
#     maximum limit for the native heap growth. Please use -XX:HeapBaseMinAddress
#     to set the Java Heap base and to place the Java Heap above 4GB virtual address.
# This output file may be truncated or incomplete.
#
#  Out of Memory Error (os_windows.cpp:3548), pid=6476, tid=4456
#
# JRE version:  (17.0.10+11) (build )
# Java VM: Java HotSpot(TM) 64-Bit Server VM (17.0.10+11-LTS-jvmci-23.0-b27, mixed mode, sharing, tiered, jvmci, jvmci compiler, compressed oops, compressed class ptrs, g1 gc, windows-amd64)
# No core dump will be written. Minidumps are not enabled by default on client versions of Windows
#

---------------  S U M M A R Y ------------

Command Line: -XX:ThreadPriorityPolicy=1 -XX:+UnlockExperimentalVMOptions -XX:+EnableJVMCIProduct -XX:-UnlockExperimentalVMOptions -Dnet.bytebuddy.agent.attacher.dump= net.bytebuddy.agent.Attacher com.sun.tools.attach.VirtualMachine 4584 C:\Users\theex\.gradle\caches\modules-2\files-2.1\net.bytebuddy\byte-buddy-agent\1.14.12\be4984cb6fd1ef1d11f218a648889dfda44b8a15\byte-buddy-agent-1.14.12.jar false 

Host: AMD Ryzen 5 3500U with Radeon Vega Mobile Gfx  , 8 cores, 6G,  Windows 11 , 64 bit Build 22621 (10.0.22621.3235)
Time: Mon Apr  1 16:04:12 2024 RTZ 2 (s 11 , 64 bit Build 22621 (10.0.22621.3235) elapsed time: 0.169397 seconds (0d 0h 0m 0s)

---------------  T H R E A D  ---------------

Current thread (0x000001d60bf7cff0):  JavaThread "Unknown thread" [_thread_in_vm, id=4456, stack(0x0000004503400000,0x0000004503500000)]

Stack: [0x0000004503400000,0x0000004503500000]
Native frames: (J=compiled Java code, j=interpreted, Vv=VM code, C=native code)
V  [jvm.dll+0x66d22a]
V  [jvm.dll+0x7cdafe]
V  [jvm.dll+0x7cf49e]
V  [jvm.dll+0x7cfb53]
V  [jvm.dll+0x2457bf]
V  [jvm.dll+0x66a189]
V  [jvm.dll+0x65eb52]
V  [jvm.dll+0x303276]
V  [jvm.dll+0x30a7f6]
V  [jvm.dll+0x35a09e]
V  [jvm.dll+0x35a2cf]
V  [jvm.dll+0x2da268]
V  [jvm.dll+0x2db1d4]
V  [jvm.dll+0x79fd71]
V  [jvm.dll+0x367cf1]
V  [jvm.dll+0x77ee09]
V  [jvm.dll+0x3eb6ef]
V  [jvm.dll+0x3ed171]
C  [jli.dll+0x5297]
C  [ucrtbase.dll+0x29363]
C  [KERNEL32.DLL+0x1257d]
C  [ntdll.dll+0x5aa58]


---------------  P R O C E S S  ---------------

Threads class SMR info:
_java_thread_list=0x00007ff9d69adad8, length=0, elements={
}

Java Threads: ( => current thread )

Other Threads:
  0x000001d60bfd0ba0 GCTaskThread "GC Thread#0" [stack: 0x0000004503500000,0x0000004503600000] [id=16692]
  0x000001d60bfe1580 ConcurrentGCThread "G1 Main Marker" [stack: 0x0000004503600000,0x0000004503700000] [id=3916]
  0x000001d60bfe3f50 ConcurrentGCThread "G1 Conc#0" [stack: 0x0000004503700000,0x0000004503800000] [id=16948]

[error occurred during error reporting (printing all threads), id 0xc0000005, EXCEPTION_ACCESS_VIOLATION (0xc0000005) at pc=0x00007ff9d61eaec7]

VM state: not at safepoint (not fully initialized)

VM Mutex/Monitor currently owned by a thread:  ([mutex/lock_event])
[0x000001d60bf79be0] Heap_lock - owner thread: 0x000001d60bf7cff0

Heap address: 0x0000000091000000, size: 1776 MB, Compressed Oops mode: 32-bit

CDS archive(s) mapped at: [0x0000000000000000-0x0000000000000000-0x0000000000000000), size 0, SharedBaseAddress: 0x0000000800000000, ArchiveRelocationMode: 1.
Narrow klass base: 0x0000000000000000, Narrow klass shift: 0, Narrow klass range: 0x0

GC Precious Log:
<Empty>

Heap:
 garbage-first heap   total 0K, used 0K [0x0000000091000000, 0x0000000100000000)
  region size 1024K, 0 young (0K), 0 survivors (0K)

[error occurred during error reporting (printing heap information), id 0xc0000005, EXCEPTION_ACCESS_VIOLATION (0xc0000005) at pc=0x00007ff9d65c6a09]

GC Heap History (0 events):
No events

Deoptimization events (0 events):
No events

Classes unloaded (0 events):
No events

Classes redefined (0 events):
No events

Internal exceptions (0 events):
No events

VM Operations (0 events):
No events

Events (1 events):
Event: 0.010 Loaded shared library D:\JDK17\bin\java.dll


Dynamic libraries:
0x00007ff745580000 - 0x00007ff745590000 	D:\JDK17\bin\java.exe
0x00007ffa31550000 - 0x00007ffa31766000 	C:\WINDOWS\SYSTEM32\ntdll.dll
0x00007ffa301c0000 - 0x00007ffa30284000 	C:\WINDOWS\System32\KERNEL32.DLL
0x00007ffa2eef0000 - 0x00007ffa2f296000 	C:\WINDOWS\System32\KERNELBASE.dll
0x00007ffa2ea50000 - 0x00007ffa2eb61000 	C:\WINDOWS\System32\ucrtbase.dll
0x00007ffa26a00000 - 0x00007ffa26a1b000 	D:\JDK17\bin\VCRUNTIME140.dll
0x00007ffa277c0000 - 0x00007ffa277d9000 	D:\JDK17\bin\jli.dll
0x00007ffa30100000 - 0x00007ffa301b2000 	C:\WINDOWS\System32\ADVAPI32.dll
0x00007ffa31460000 - 0x00007ffa31507000 	C:\WINDOWS\System32\msvcrt.dll
0x00007ffa2f3f0000 - 0x00007ffa2f498000 	C:\WINDOWS\System32\sechost.dll
0x00007ffa2eb70000 - 0x00007ffa2eb98000 	C:\WINDOWS\System32\bcrypt.dll
0x00007ffa2fcc0000 - 0x00007ffa2fdd5000 	C:\WINDOWS\System32\RPCRT4.dll
0x00007ffa2fde0000 - 0x00007ffa2ff8d000 	C:\WINDOWS\System32\USER32.dll
0x00007ffa2eba0000 - 0x00007ffa2ebc6000 	C:\WINDOWS\System32\win32u.dll
0x00007ffa166b0000 - 0x00007ffa16943000 	C:\WINDOWS\WinSxS\amd64_microsoft.windows.common-controls_6595b64144ccf1df_6.0.22621.3235_none_270f74e173860f98\COMCTL32.dll
0x00007ffa30ee0000 - 0x00007ffa30f09000 	C:\WINDOWS\System32\GDI32.dll
0x00007ffa2e930000 - 0x00007ffa2ea48000 	C:\WINDOWS\System32\gdi32full.dll
0x00007ffa2e890000 - 0x00007ffa2e92a000 	C:\WINDOWS\System32\msvcp_win.dll
0x00007ffa256b0000 - 0x00007ffa256ba000 	C:\WINDOWS\SYSTEM32\VERSION.dll
0x00007ffa2f2a0000 - 0x00007ffa2f2d1000 	C:\WINDOWS\System32\IMM32.DLL
0x00007ffa29510000 - 0x00007ffa2951c000 	D:\JDK17\bin\vcruntime140_1.dll
0x00007ffa1d9f0000 - 0x00007ffa1da7e000 	D:\JDK17\bin\msvcp140.dll
0x00007ff9d5f00000 - 0x00007ff9d6ad5000 	D:\JDK17\bin\server\jvm.dll
0x00007ffa2f3c0000 - 0x00007ffa2f3c8000 	C:\WINDOWS\System32\PSAPI.DLL
0x00007ffa2b720000 - 0x00007ffa2b754000 	C:\WINDOWS\SYSTEM32\WINMM.dll
0x00007ffa20180000 - 0x00007ffa20189000 	C:\WINDOWS\SYSTEM32\WSOCK32.dll
0x00007ffa2ff90000 - 0x00007ffa30001000 	C:\WINDOWS\System32\WS2_32.dll
0x00007ffa2d8a0000 - 0x00007ffa2d8b8000 	C:\WINDOWS\SYSTEM32\kernel.appcore.dll
0x00007ffa28940000 - 0x00007ffa2894a000 	D:\JDK17\bin\jimage.dll
0x00007ffa2c0c0000 - 0x00007ffa2c2f3000 	C:\WINDOWS\SYSTEM32\DBGHELP.DLL
0x00007ffa30f20000 - 0x00007ffa312a8000 	C:\WINDOWS\System32\combase.dll
0x00007ffa2fa80000 - 0x00007ffa2fb57000 	C:\WINDOWS\System32\OLEAUT32.dll
0x00007ffa0b7a0000 - 0x00007ffa0b7d2000 	C:\WINDOWS\SYSTEM32\dbgcore.DLL
0x00007ffa2ee00000 - 0x00007ffa2ee7a000 	C:\WINDOWS\System32\bcryptPrimitives.dll
0x00007ffa269c0000 - 0x00007ffa269e5000 	D:\JDK17\bin\java.dll

dbghelp: loaded successfully - version: 4.0.5 - missing functions: none
symbol engine: initialized successfully - sym options: 0x614 - pdb path: .;D:\JDK17\bin;C:\WINDOWS\SYSTEM32;C:\WINDOWS\WinSxS\amd64_microsoft.windows.common-controls_6595b64144ccf1df_6.0.22621.3235_none_270f74e173860f98;D:\JDK17\bin\server

VM Arguments:
jvm_args: -XX:ThreadPriorityPolicy=1 -XX:+UnlockExperimentalVMOptions -XX:+EnableJVMCIProduct -XX:-UnlockExperimentalVMOptions -Dnet.bytebuddy.agent.attacher.dump= 
java_command: net.bytebuddy.agent.Attacher com.sun.tools.attach.VirtualMachine 4584 C:\Users\theex\.gradle\caches\modules-2\files-2.1\net.bytebuddy\byte-buddy-agent\1.14.12\be4984cb6fd1ef1d11f218a648889dfda44b8a15\byte-buddy-agent-1.14.12.jar false 
java_class_path (initial): C:\Users\theex\.gradle\caches\modules-2\files-2.1\net.bytebuddy\byte-buddy-agent\1.14.12\be4984cb6fd1ef1d11f218a648889dfda44b8a15\byte-buddy-agent-1.14.12.jar
Launcher Type: SUN_STANDARD

[Global flags]
     intx CICompilerCount                          = 4                                         {product} {ergonomic}
     uint ConcGCThreads                            = 2                                         {product} {ergonomic}
     bool EnableJVMCIProduct                       = true                                {JVMCI product} {jimage}
     uint G1ConcRefinementThreads                  = 8                                         {product} {ergonomic}
   size_t G1HeapRegionSize                         = 1048576                                   {product} {ergonomic}
    uintx GCDrainStackTargetSize                   = 64                                        {product} {ergonomic}
   size_t InitialHeapSize                          = 117440512                                 {product} {ergonomic}
   size_t MarkStackSize                            = 4194304                                   {product} {ergonomic}
   size_t MaxHeapSize                              = 1862270976                                {product} {ergonomic}
   size_t MinHeapDeltaBytes                        = 1048576                                   {product} {ergonomic}
   size_t MinHeapSize                              = 8388608                                   {product} {ergonomic}
    uintx NonNMethodCodeHeapSize                   = 6979620                                {pd product} {ergonomic}
    uintx NonProfiledCodeHeapSize                  = 122339310                              {pd product} {ergonomic}
    uintx ProfiledCodeHeapSize                     = 122339310                              {pd product} {ergonomic}
    uintx ReservedCodeCacheSize                    = 251658240                              {pd product} {ergonomic}
     bool SegmentedCodeCache                       = true                                      {product} {ergonomic}
   size_t SoftMaxHeapSize                          = 1862270976                             {manageable} {ergonomic}
     intx ThreadPriorityPolicy                     = 1                                         {product} {jimage}
     bool UseCompressedClassPointers               = true                           {product lp64_product} {ergonomic}
     bool UseCompressedOops                        = true                           {product lp64_product} {ergonomic}
     bool UseG1GC                                  = true                                      {product} {ergonomic}
     bool UseLargePagesIndividualAllocation        = false                                  {pd product} {ergonomic}

Logging:
Log output configuration:
 #0: stdout all=warning uptime,level,tags
 #1: stderr all=off uptime,level,tags

Environment Variables:
JAVA_HOME=D:\Java_JDK_Maven
PATH=C:\Program Files (x86)\Common Files\Intel\Shared Libraries\redist\intel64\compiler;C:\WINDOWS\system32;C:\WINDOWS;C:\WINDOWS\System32\Wbem;C:\WINDOWS\System32\WindowsPowerShell\v1.0\;C:\WINDOWS\System32\OpenSSH\;C:\Program Files\Microsoft SQL Server\150\Tools\Binn\;C:\Users\theex\AppData\Local\Programs\Python\Python310;C:\Users\theex\AppData\Local\Programs\Python\Python310\Scripts;C:\Program Files\Git\cmd;C:\mingw64\bin;D:\Java_JDK_Maven\bin;D:\VirtualBox;C:\Program Files\Docker\Docker\resources\bin;D:\apache-maven-3.9.6\bin;D:\Java_JDK_Maven\bin;C:\WINDOWS\System32\WindowsPowerShell\v1.0\;D:\Microsoft VS Code\bin;D:\IDEA\IntelliJ IDEA Community Edition 2023.2.5\bin;;D:\Java_JDK_Maven\bin;D:\VirtualBox;D:\IDEA_ULTIMATE\IntelliJ IDEA 2023.3.2\bin;
USERNAME=theex
OS=Windows_NT
PROCESSOR_IDENTIFIER=AMD64 Family 23 Model 24 Stepping 1, AuthenticAMD



---------------  S Y S T E M  ---------------

OS:
 Windows 11 , 64 bit Build 22621 (10.0.22621.3235)
OS uptime: 0 days 15:51 hours
Hyper-V role detected

CPU: total 8 (initial active 8) (8 cores per cpu, 2 threads per core) family 23 model 24 stepping 1 microcode 0x0, cx8, cmov, fxsr, ht, mmx, 3dnowpref, sse, sse2, sse3, ssse3, sse4a, sse4.1, sse4.2, popcnt, lzcnt, tsc, tscinvbit, avx, avx2, aes, clmul, bmi1, bmi2, adx, sha, fma, vzeroupper, clflush, clflushopt, hv

Memory: 4k page, system-wide physical 7103M (511M free)
TotalPageFile size 17343M (AvailPageFile size 67M)
current process WorkingSet (physical memory assigned to process): 11M, peak: 11M
current process commit charge ("private bytes"): 60M, peak: 172M

vm_info: Java HotSpot(TM) 64-Bit Server VM (17.0.10+11-LTS-jvmci-23.0-b27) for windows-amd64 JRE (17.0.10+11-LTS-jvmci-23.0-b27), built on Dec 20 2023 07:24:22 by "" with MS VC++ 17.1 (VS2022)

END.
