#
# There is insufficient memory for the Java Runtime Environment to continue.
# Native memory allocation (mmap) failed to map 117440512 bytes for G1 virtual space
# Possible reasons:
#   The system is out of physical RAM or swap space
#   The process is running with CompressedOops enabled, and the Java Heap may be blocking the growth of the native heap
# Possible solutions:
#   Reduce memory load on the system
#   Increase physical memory or swap space
#   Check if swap backing store is full
#   Decrease Java heap size (-Xmx/-Xms)
#   Decrease number of Java threads
#   Decrease Java thread stack sizes (-Xss)
#   Set larger code cache with -XX:ReservedCodeCacheSize=
#   JVM is running with Unscaled Compressed Oops mode in which the Java heap is
#     placed in the first 4GB address space. The Java Heap base address is the
#     maximum limit for the native heap growth. Please use -XX:HeapBaseMinAddress
#     to set the Java Heap base and to place the Java Heap above 4GB virtual address.
# This output file may be truncated or incomplete.
#
#  Out of Memory Error (os_windows.cpp:3548), pid=12752, tid=15160
#
# JRE version:  (17.0.10+11) (build )
# Java VM: Java HotSpot(TM) 64-Bit Server VM (17.0.10+11-LTS-jvmci-23.0-b27, mixed mode, emulated-client, sharing, tiered, jvmci, jvmci compiler, compressed oops, compressed class ptrs, g1 gc, windows-amd64)
# No core dump will be written. Minidumps are not enabled by default on client versions of Windows
#

---------------  S U M M A R Y ------------

Command Line: -XX:ThreadPriorityPolicy=1 -XX:+UnlockExperimentalVMOptions -XX:+EnableJVMCIProduct -XX:-UnlockExperimentalVMOptions -XX:TieredStopAtLevel=1 -Dspring.output.ansi.enabled=always -Dcom.sun.management.jmxremote -Dspring.jmx.enabled=true -Dspring.liveBeansView.mbeanDomain -Dspring.application.admin.enabled=true -Dmanagement.endpoints.jmx.exposure.include=* -javaagent:D:\IDEA_ULTIMATE\IntelliJ IDEA 2023.3.2\lib\idea_rt.jar=34714:D:\IDEA_ULTIMATE\IntelliJ IDEA 2023.3.2\bin -Dfile.encoding=UTF-8 gazssha.client.clienttransaction.ClientTransactionApplication

Host: AMD Ryzen 5 3500U with Radeon Vega Mobile Gfx  , 8 cores, 6G,  Windows 11 , 64 bit Build 22621 (10.0.22621.3235)
Time: Sun Mar 31 22:58:42 2024 RTZ 2 (s 11 , 64 bit Build 22621 (10.0.22621.3235) elapsed time: 0.015072 seconds (0d 0h 0m 0s)

---------------  T H R E A D  ---------------

Current thread (0x000002174b5d3dc0):  JavaThread "Unknown thread" [_thread_in_vm, id=15160, stack(0x0000006518f00000,0x0000006519000000)]

Stack: [0x0000006518f00000,0x0000006519000000]
Native frames: (J=compiled Java code, j=interpreted, Vv=VM code, C=native code)
V  [jvm.dll+0x66d22a]
V  [jvm.dll+0x7cdafe]
V  [jvm.dll+0x7cf49e]
V  [jvm.dll+0x7cfb53]
V  [jvm.dll+0x2457bf]
V  [jvm.dll+0x66a189]
V  [jvm.dll+0x65eb52]
V  [jvm.dll+0x303276]
V  [jvm.dll+0x30a7f6]
V  [jvm.dll+0x35a09e]
V  [jvm.dll+0x35a2cf]
V  [jvm.dll+0x2da268]
V  [jvm.dll+0x2db1d4]
V  [jvm.dll+0x79fd71]
V  [jvm.dll+0x367cf1]
V  [jvm.dll+0x77ee09]
V  [jvm.dll+0x3eb6ef]
V  [jvm.dll+0x3ed171]
C  [jli.dll+0x5297]
C  [ucrtbase.dll+0x29363]
C  [KERNEL32.DLL+0x1257d]
C  [ntdll.dll+0x5aa58]


---------------  P R O C E S S  ---------------

Threads class SMR info:
_java_thread_list=0x00007ffa2a88dad8, length=0, elements={
}

Java Threads: ( => current thread )

Other Threads:
  0x000002174b628530 GCTaskThread "GC Thread#0" [stack: 0x0000006519000000,0x0000006519100000] [id=7836]
  0x000002174b637280 ConcurrentGCThread "G1 Main Marker" [stack: 0x0000006519100000,0x0000006519200000] [id=16444]
  0x000002174b637d00 ConcurrentGCThread "G1 Conc#0" [stack: 0x0000006519200000,0x0000006519300000] [id=12400]

[error occurred during error reporting (printing all threads), id 0xc0000005, EXCEPTION_ACCESS_VIOLATION (0xc0000005) at pc=0x00007ffa2a0caec7]

VM state: not at safepoint (not fully initialized)

VM Mutex/Monitor currently owned by a thread:  ([mutex/lock_event])
[0x000002174b5cffe0] Heap_lock - owner thread: 0x000002174b5d3dc0

Heap address: 0x0000000091000000, size: 1776 MB, Compressed Oops mode: 32-bit

CDS archive(s) mapped at: [0x0000000000000000-0x0000000000000000-0x0000000000000000), size 0, SharedBaseAddress: 0x0000000800000000, ArchiveRelocationMode: 1.
Narrow klass base: 0x0000000000000000, Narrow klass shift: 0, Narrow klass range: 0x0

GC Precious Log:
<Empty>

Heap:
 garbage-first heap   total 0K, used 0K [0x0000000091000000, 0x0000000100000000)
  region size 1024K, 0 young (0K), 0 survivors (0K)

[error occurred during error reporting (printing heap information), id 0xc0000005, EXCEPTION_ACCESS_VIOLATION (0xc0000005) at pc=0x00007ffa2a4a6a09]

GC Heap History (0 events):
No events

Deoptimization events (0 events):
No events

Classes unloaded (0 events):
No events

Classes redefined (0 events):
No events

Internal exceptions (0 events):
No events

VM Operations (0 events):
No events

Events (1 events):
Event: 0.011 Loaded shared library D:\JDK17\bin\java.dll


Dynamic libraries:
0x00007ff64ffc0000 - 0x00007ff64ffd0000 	D:\JDK17\bin\java.exe
0x00007ffaa0990000 - 0x00007ffaa0ba6000 	C:\WINDOWS\SYSTEM32\ntdll.dll
0x00007ffa9f710000 - 0x00007ffa9f7d4000 	C:\WINDOWS\System32\KERNEL32.DLL
0x00007ffa9e190000 - 0x00007ffa9e536000 	C:\WINDOWS\System32\KERNELBASE.dll
0x00007ffa9e5c0000 - 0x00007ffa9e6d1000 	C:\WINDOWS\System32\ucrtbase.dll
0x00007ffa8db80000 - 0x00007ffa8db99000 	D:\JDK17\bin\jli.dll
0x00007ffa8c820000 - 0x00007ffa8c83b000 	D:\JDK17\bin\VCRUNTIME140.dll
0x00007ffa9f890000 - 0x00007ffa9f942000 	C:\WINDOWS\System32\ADVAPI32.dll
0x00007ffa9fd80000 - 0x00007ffa9fe27000 	C:\WINDOWS\System32\msvcrt.dll
0x00007ffaa00a0000 - 0x00007ffaa0148000 	C:\WINDOWS\System32\sechost.dll
0x00007ffa9e160000 - 0x00007ffa9e188000 	C:\WINDOWS\System32\bcrypt.dll
0x00007ffa9eb00000 - 0x00007ffa9ec15000 	C:\WINDOWS\System32\RPCRT4.dll
0x00007ffa9ec20000 - 0x00007ffa9edcd000 	C:\WINDOWS\System32\USER32.dll
0x00007ffa9e0c0000 - 0x00007ffa9e0e6000 	C:\WINDOWS\System32\win32u.dll
0x00007ffa88100000 - 0x00007ffa88393000 	C:\WINDOWS\WinSxS\amd64_microsoft.windows.common-controls_6595b64144ccf1df_6.0.22621.3235_none_270f74e173860f98\COMCTL32.dll
0x00007ffa9fe40000 - 0x00007ffa9fe69000 	C:\WINDOWS\System32\GDI32.dll
0x00007ffa9dcd0000 - 0x00007ffa9dde8000 	C:\WINDOWS\System32\gdi32full.dll
0x00007ffa9ddf0000 - 0x00007ffa9de8a000 	C:\WINDOWS\System32\msvcp_win.dll
0x00007ffa94af0000 - 0x00007ffa94afa000 	C:\WINDOWS\SYSTEM32\VERSION.dll
0x00007ffaa0480000 - 0x00007ffaa04b1000 	C:\WINDOWS\System32\IMM32.DLL
0x00007ffa8e440000 - 0x00007ffa8e44c000 	D:\JDK17\bin\vcruntime140_1.dll
0x00007ffa60b70000 - 0x00007ffa60bfe000 	D:\JDK17\bin\msvcp140.dll
0x00007ffa29de0000 - 0x00007ffa2a9b5000 	D:\JDK17\bin\server\jvm.dll
0x00007ffaa04c0000 - 0x00007ffaa04c8000 	C:\WINDOWS\System32\PSAPI.DLL
0x00007ffa6d590000 - 0x00007ffa6d599000 	C:\WINDOWS\SYSTEM32\WSOCK32.dll
0x00007ffa9ab50000 - 0x00007ffa9ab84000 	C:\WINDOWS\SYSTEM32\WINMM.dll
0x00007ffa9e7e0000 - 0x00007ffa9e851000 	C:\WINDOWS\System32\WS2_32.dll
0x00007ffa9cce0000 - 0x00007ffa9ccf8000 	C:\WINDOWS\SYSTEM32\kernel.appcore.dll
0x00007ffa8dad0000 - 0x00007ffa8dada000 	D:\JDK17\bin\jimage.dll
0x00007ffa9b3a0000 - 0x00007ffa9b5d3000 	C:\WINDOWS\SYSTEM32\DBGHELP.DLL
0x00007ffa9f960000 - 0x00007ffa9fce8000 	C:\WINDOWS\System32\combase.dll
0x00007ffa9fef0000 - 0x00007ffa9ffc7000 	C:\WINDOWS\System32\OLEAUT32.dll
0x00007ffa7b960000 - 0x00007ffa7b992000 	C:\WINDOWS\SYSTEM32\dbgcore.DLL
0x00007ffa9e540000 - 0x00007ffa9e5ba000 	C:\WINDOWS\System32\bcryptPrimitives.dll
0x00007ffa8d590000 - 0x00007ffa8d59e000 	D:\JDK17\bin\instrument.dll
0x00007ffa86ef0000 - 0x00007ffa86f15000 	D:\JDK17\bin\java.dll

dbghelp: loaded successfully - version: 4.0.5 - missing functions: none
symbol engine: initialized successfully - sym options: 0x614 - pdb path: .;D:\JDK17\bin;C:\WINDOWS\SYSTEM32;C:\WINDOWS\WinSxS\amd64_microsoft.windows.common-controls_6595b64144ccf1df_6.0.22621.3235_none_270f74e173860f98;D:\JDK17\bin\server

VM Arguments:
jvm_args: -XX:ThreadPriorityPolicy=1 -XX:+UnlockExperimentalVMOptions -XX:+EnableJVMCIProduct -XX:-UnlockExperimentalVMOptions -XX:TieredStopAtLevel=1 -Dspring.output.ansi.enabled=always -Dcom.sun.management.jmxremote -Dspring.jmx.enabled=true -Dspring.liveBeansView.mbeanDomain -Dspring.application.admin.enabled=true -Dmanagement.endpoints.jmx.exposure.include=* -javaagent:D:\IDEA_ULTIMATE\IntelliJ IDEA 2023.3.2\lib\idea_rt.jar=34714:D:\IDEA_ULTIMATE\IntelliJ IDEA 2023.3.2\bin -Dfile.encoding=UTF-8 
java_command: gazssha.client.clienttransaction.ClientTransactionApplication
java_class_path (initial): D:\school_21_projects\Java_Learn\SpringIdea\TransactionService\ClientTransaction\build\classes\java\main;D:\school_21_projects\Java_Learn\SpringIdea\TransactionService\ClientTransaction\build\resources\main;C:\Users\theex\.gradle\caches\modules-2\files-2.1\org.projectlombok\lombok\1.18.30\f195ee86e6c896ea47a1d39defbe20eb59cd149d\lombok-1.18.30.jar;C:\Users\theex\.gradle\caches\modules-2\files-2.1\org.mapstruct\mapstruct-processor\1.5.5.Final\897f6f115930b936287bef552bf5fe28cc64717d\mapstruct-processor-1.5.5.Final.jar;C:\Users\theex\.gradle\caches\modules-2\files-2.1\org.springframework.boot\spring-boot-configuration-processor\3.2.4\6f615928a73fec926e9a5e2fffc66da22666b8f7\spring-boot-configuration-processor-3.2.4.jar;C:\Users\theex\.gradle\caches\modules-2\files-2.1\org.springframework.boot\spring-boot-starter-web\3.2.4\a74df12b71060da7c8e87f9a8c2ef4ea43fc8017\spring-boot-starter-web-3.2.4.jar;C:\Users\theex\.gradle\caches\modules-2\files-2.1\org.springframework.boot\spring-boot-starter-data-jpa\3.2.4\d8c5f393d9b18d96021b3e02d80e4356c5cbe0f7\spring-boot-starter-data-jpa-3.2.4.jar;C:\Users\theex\.gradle\caches\modules-2\files-2.1\org.springframework.boot\spring-boot-starter-validation\3.2.4\5f43697d1f24a19414bcaec3733dab5b6c24d1da\spring-boot-starter-validation-3.2.4.jar;C:\Users\theex\.gradle\caches\modules-2\files-2.1\org.mapstruct\mapstruct\1.5.5.Final\2ca3cbe39b6e9ea8d5ea521965a89bef2a1e8eeb\mapstruct-1.5.5.Final.jar;C:\Users\theex\.gradle\caches\modules-2\files-2.1\org.springframework.boot\spring-boot-starter-json\3.2.4\ef3f72369ce7f6f7a7b02c0b23e60ef5bdf581b1\spring-boot-starter-json-3.2.4.jar;C:\Users\theex\.gradle\caches\modules-2\files-2.1\org.springframework.boot\spring-boot-starter\3.2.4\842cf7f0ed2ecfef3011f3191fc53c59ceed752\spring-boot-starter-3.2.4.jar;C:\Users\theex\.gradle\caches\modules-2\files-2.1\org.springframework.boot\spring-boot-starter-tomcat\3.2.4\ffa632eeaaf1a4e807ec4bbcc1938f7d43096472\spring-boot-starter-tomca
Launcher Type: SUN_STANDARD

[Global flags]
     intx CICompilerCount                          = 4                                         {product} {ergonomic}
     uint ConcGCThreads                            = 2                                         {product} {ergonomic}
     bool EnableJVMCIProduct                       = true                                {JVMCI product} {jimage}
     uint G1ConcRefinementThreads                  = 8                                         {product} {ergonomic}
   size_t G1HeapRegionSize                         = 1048576                                   {product} {ergonomic}
    uintx GCDrainStackTargetSize                   = 64                                        {product} {ergonomic}
   size_t InitialHeapSize                          = 117440512                                 {product} {ergonomic}
     bool ManagementServer                         = true                                      {product} {command line}
   size_t MarkStackSize                            = 4194304                                   {product} {ergonomic}
   size_t MaxHeapSize                              = 1862270976                                {product} {ergonomic}
   size_t MinHeapDeltaBytes                        = 1048576                                   {product} {ergonomic}
   size_t MinHeapSize                              = 8388608                                   {product} {ergonomic}
    uintx NonProfiledCodeHeapSize                  = 0                                      {pd product} {ergonomic}
     bool ProfileInterpreter                       = false                                  {pd product} {command line}
    uintx ProfiledCodeHeapSize                     = 0                                      {pd product} {ergonomic}
   size_t SoftMaxHeapSize                          = 1862270976                             {manageable} {ergonomic}
     intx ThreadPriorityPolicy                     = 1                                         {product} {jimage}
     intx TieredStopAtLevel                        = 1                                         {product} {command line}
     bool UseCompressedClassPointers               = true                           {product lp64_product} {ergonomic}
     bool UseCompressedOops                        = true                           {product lp64_product} {ergonomic}
     bool UseG1GC                                  = true                                      {product} {ergonomic}
     bool UseLargePagesIndividualAllocation        = false                                  {pd product} {ergonomic}

Logging:
Log output configuration:
 #0: stdout all=warning uptime,level,tags
 #1: stderr all=off uptime,level,tags

Environment Variables:
JAVA_HOME=D:\Java_JDK_Maven
PATH=C:\Program Files (x86)\Common Files\Intel\Shared Libraries\redist\intel64\compiler;C:\WINDOWS\system32;C:\WINDOWS;C:\WINDOWS\System32\Wbem;C:\WINDOWS\System32\WindowsPowerShell\v1.0\;C:\WINDOWS\System32\OpenSSH\;C:\Program Files\Microsoft SQL Server\150\Tools\Binn\;C:\Users\theex\AppData\Local\Programs\Python\Python310;C:\Users\theex\AppData\Local\Programs\Python\Python310\Scripts;C:\Program Files\Git\cmd;C:\mingw64\bin;D:\Java_JDK_Maven\bin;D:\VirtualBox;C:\Program Files\Docker\Docker\resources\bin;D:\apache-maven-3.9.6\bin;D:\Java_JDK_Maven\bin;C:\WINDOWS\System32\WindowsPowerShell\v1.0\;D:\Microsoft VS Code\bin;D:\IDEA\IntelliJ IDEA Community Edition 2023.2.5\bin;;D:\Java_JDK_Maven\bin;D:\VirtualBox;D:\IDEA_ULTIMATE\IntelliJ IDEA 2023.3.2\bin;
USERNAME=theex
OS=Windows_NT
PROCESSOR_IDENTIFIER=AMD64 Family 23 Model 24 Stepping 1, AuthenticAMD



---------------  S Y S T E M  ---------------

OS:
 Windows 11 , 64 bit Build 22621 (10.0.22621.3235)
OS uptime: 3 days 10:40 hours
Hyper-V role detected

CPU: total 8 (initial active 8) (8 cores per cpu, 2 threads per core) family 23 model 24 stepping 1 microcode 0x0, cx8, cmov, fxsr, ht, mmx, 3dnowpref, sse, sse2, sse3, ssse3, sse4a, sse4.1, sse4.2, popcnt, lzcnt, tsc, tscinvbit, avx, avx2, aes, clmul, bmi1, bmi2, adx, sha, fma, vzeroupper, clflush, clflushopt, hv

Memory: 4k page, system-wide physical 7103M (367M free)
TotalPageFile size 17343M (AvailPageFile size 92M)
current process WorkingSet (physical memory assigned to process): 10M, peak: 10M
current process commit charge ("private bytes"): 55M, peak: 167M

vm_info: Java HotSpot(TM) 64-Bit Server VM (17.0.10+11-LTS-jvmci-23.0-b27) for windows-amd64 JRE (17.0.10+11-LTS-jvmci-23.0-b27), built on Dec 20 2023 07:24:22 by "" with MS VC++ 17.1 (VS2022)

END.
